INFO  08:13:27 Application started. Press Ctrl+C to shut down.
INFO  08:13:27 Application started. Press Ctrl+C to shut down.
INFO  08:13:27 Hosting environment: Development
INFO  08:13:27 Hosting environment: Development
INFO  08:13:27 Content root path: C:\Users\HP\Downloads\ClaimManagementSystem-2\ClaimsMicroservice
INFO  08:13:27 Content root path: C:\Users\HP\Downloads\ClaimManagementSystem-2\ClaimsMicroservice
INFO  08:15:30 SubmitClaim Method Called
INFO  08:35:19 SubmitClaim Method Called
INFO  08:48:36 GetClaimStatus Method Called
INFO  08:50:37 GetClaimStatus Method Called
INFO  09:07:38 SubmitClaim Method Called
INFO  11:24:46 Application started. Press Ctrl+C to shut down.
INFO  11:24:46 Application started. Press Ctrl+C to shut down.
INFO  11:24:46 Hosting environment: Development
INFO  11:24:46 Hosting environment: Development
INFO  11:24:46 Content root path: C:\Users\HP\Downloads\ClaimManagementSystem-2\ClaimsMicroservice
INFO  11:24:46 Content root path: C:\Users\HP\Downloads\ClaimManagementSystem-2\ClaimsMicroservice
INFO  11:30:01 SubmitClaim Method Called
INFO  11:33:17 GetClaimStatus Method Called
INFO  11:44:05 Application started. Press Ctrl+C to shut down.
INFO  11:44:05 Application started. Press Ctrl+C to shut down.
INFO  11:44:05 Hosting environment: Development
INFO  11:44:05 Hosting environment: Development
INFO  11:44:05 Content root path: C:\Users\HP\Downloads\ClaimManagementSystem-2\ClaimsMicroservice
INFO  11:44:05 Content root path: C:\Users\HP\Downloads\ClaimManagementSystem-2\ClaimsMicroservice
INFO  11:57:44 SubmitClaim Method Called
INFO  11:33:46 Application started. Press Ctrl+C to shut down.
INFO  11:33:47 Application started. Press Ctrl+C to shut down.
INFO  11:33:47 Hosting environment: Development
INFO  11:33:47 Hosting environment: Development
INFO  11:33:47 Content root path: C:\Users\HP\Downloads\ClaimManagementSystem-2\ClaimsMicroservice
INFO  11:33:47 Content root path: C:\Users\HP\Downloads\ClaimManagementSystem-2\ClaimsMicroservice
INFO  11:37:47 GetClaimStatus Method Called
INFO  11:39:48 SubmitClaim Method Called
INFO  11:47:35 SubmitClaim Method Called
INFO  11:48:27 SubmitClaim Method Called
INFO  11:49:00 SubmitClaim Method Called
INFO  11:49:39 GetClaimStatus Method Called
INFO  11:56:13 SubmitClaim Method Called
INFO  12:13:29 SubmitClaim Method Called
INFO  03:42:06 Application started. Press Ctrl+C to shut down.
INFO  03:42:06 Application started. Press Ctrl+C to shut down.
INFO  03:42:06 Hosting environment: Development
INFO  03:42:06 Hosting environment: Development
INFO  03:42:06 Content root path: C:\Users\HP\Downloads\ClaimManagementSystem-2\ClaimsMicroservice
INFO  03:42:06 Content root path: C:\Users\HP\Downloads\ClaimManagementSystem-2\ClaimsMicroservice
